<?xml version="1.0" encoding="UTF-8"?>
<testng-results ignored="0" total="1" passed="1" failed="0" skipped="0">
  <reporter-output>
  </reporter-output>
  <suite started-at="2023-08-03T19:27:16 IST" name="Default suite" finished-at="2023-08-03T19:27:16 IST" duration-ms="51">
    <groups>
    </groups>
    <test started-at="2023-08-03T19:27:16 IST" name="Default test" finished-at="2023-08-03T19:27:16 IST" duration-ms="51">
      <class name="ssample.demo">
        <test-method signature="sample()[pri:0, instance:ssample.demo@59af0466]" started-at="2023-08-03T19:27:16 IST" name="sample" finished-at="2023-08-03T19:27:16 IST" duration-ms="8" status="PASS">
          <reporter-output>
          </reporter-output>
        </test-method> <!-- sample -->
      </class> <!-- ssample.demo -->
    </test> <!-- Default test -->
  </suite> <!-- Default suite -->
</testng-results>
